app/build/intermediates/manifest_merge_blame_file/debug/manifest-merger-blame-debug-report.txt
1<?xml version="1.0" encoding="utf-8"?>
2<manifest xmlns:android="http://schemas.android.com/apk/res/android"
3    package="com.attendwisepro"
4    android:versionCode="1"
5    android:versionName="1.0" >
6
7    <uses-sdk
8        android:minSdkVersion="23"
9        android:targetSdkVersion="34" />
10
11    <uses-permission android:name="android.permission.INTERNET" />
11-->src\main\AndroidManifest.xml:5:5-67
11-->src\main\AndroidManifest.xml:5:22-64
12    <uses-permission android:name="android.permission.ACCESS_NETWORK_STATE" />
12-->src\main\AndroidManifest.xml:6:5-79
12-->src\main\AndroidManifest.xml:6:22-76
13    <uses-permission android:name="android.permission.CAMERA" />
13-->src\main\AndroidManifest.xml:7:5-65
13-->src\main\AndroidManifest.xml:7:22-62
14    <uses-permission android:name="android.permission.ACCESS_WIFI_STATE" />
14-->src\main\AndroidManifest.xml:8:5-76
14-->src\main\AndroidManifest.xml:8:22-73
15    <uses-permission android:name="android.permission.CHANGE_WIFI_MULTICAST_STATE" />
15-->src\main\AndroidManifest.xml:9:5-86
15-->src\main\AndroidManifest.xml:9:22-83
16
17    <uses-feature android:name="android.hardware.camera" />
17-->src\main\AndroidManifest.xml:10:5-60
17-->src\main\AndroidManifest.xml:10:19-57
18
19    <permission
19-->[androidx.core:core:1.12.0] AndroidManifest.xml:22:5-24:47
20        android:name="com.attendwisepro.DYNAMIC_RECEIVER_NOT_EXPORTED_PERMISSION"
20-->[androidx.core:core:1.12.0] AndroidManifest.xml:23:9-81
21        android:protectionLevel="signature" />
21-->[androidx.core:core:1.12.0] AndroidManifest.xml:24:9-44
22
23    <uses-permission android:name="com.attendwisepro.DYNAMIC_RECEIVER_NOT_EXPORTED_PERMISSION" />
23-->[androidx.core:core:1.12.0] AndroidManifest.xml:26:5-97
23-->[androidx.core:core:1.12.0] AndroidManifest.xml:26:22-94
24
25    <application
25-->src\main\AndroidManifest.xml:12:5-113:19
26        android:allowBackup="true"
26-->src\main\AndroidManifest.xml:13:9-35
27        android:appComponentFactory="androidx.core.app.CoreComponentFactory"
27-->[androidx.core:core:1.12.0] AndroidManifest.xml:28:18-86
28        android:debuggable="true"
29        android:enableOnBackInvokedCallback="true"
29-->src\main\AndroidManifest.xml:21:9-51
30        android:extractNativeLibs="false"
31        android:icon="@drawable/ic_launcher_foreground"
31-->src\main\AndroidManifest.xml:14:9-56
32        android:label="@string/app_name"
32-->src\main\AndroidManifest.xml:15:9-41
33        android:networkSecurityConfig="@xml/network_security_config"
33-->src\main\AndroidManifest.xml:20:9-69
34        android:roundIcon="@drawable/ic_launcher_foreground"
34-->src\main\AndroidManifest.xml:16:9-61
35        android:supportsRtl="true"
35-->src\main\AndroidManifest.xml:17:9-35
36        android:testOnly="true"
37        android:theme="@style/Theme.AttendWisePro"
37-->src\main\AndroidManifest.xml:18:9-51
38        android:usesCleartextTraffic="true" >
38-->src\main\AndroidManifest.xml:19:9-44
39        <activity
39-->src\main\AndroidManifest.xml:23:9-31:20
40            android:name="com.attendwisepro.LoginActivity"
40-->src\main\AndroidManifest.xml:24:13-42
41            android:exported="true"
41-->src\main\AndroidManifest.xml:25:13-36
42            android:windowSoftInputMode="adjustResize" >
42-->src\main\AndroidManifest.xml:26:13-55
43            <intent-filter>
43-->src\main\AndroidManifest.xml:27:13-30:29
44                <action android:name="android.intent.action.MAIN" />
44-->src\main\AndroidManifest.xml:28:17-69
44-->src\main\AndroidManifest.xml:28:25-66
45
46                <category android:name="android.intent.category.LAUNCHER" />
46-->src\main\AndroidManifest.xml:29:17-77
46-->src\main\AndroidManifest.xml:29:27-74
47            </intent-filter>
48        </activity>
49        <activity
49-->src\main\AndroidManifest.xml:33:9-36:49
50            android:name="com.attendwisepro.DashboardActivity"
50-->src\main\AndroidManifest.xml:34:13-46
51            android:exported="false"
51-->src\main\AndroidManifest.xml:35:13-37
52            android:label="@string/dashboard" />
52-->src\main\AndroidManifest.xml:36:13-46
53        <activity
53-->src\main\AndroidManifest.xml:38:9-42:63
54            android:name="com.attendwisepro.AddLearnerActivity"
54-->src\main\AndroidManifest.xml:39:13-47
55            android:exported="false"
55-->src\main\AndroidManifest.xml:40:13-37
56            android:label="@string/add_learner"
56-->src\main\AndroidManifest.xml:41:13-48
57            android:parentActivityName="com.attendwisepro.DashboardActivity" />
57-->src\main\AndroidManifest.xml:42:13-60
58        <activity
58-->src\main\AndroidManifest.xml:43:9-47:63
59            android:name="com.attendwisepro.MarkAttendanceActivity"
59-->src\main\AndroidManifest.xml:44:13-51
60            android:exported="false"
60-->src\main\AndroidManifest.xml:45:13-37
61            android:label="@string/mark_attendance"
61-->src\main\AndroidManifest.xml:46:13-52
62            android:parentActivityName="com.attendwisepro.DashboardActivity" />
62-->src\main\AndroidManifest.xml:47:13-60
63        <activity
63-->src\main\AndroidManifest.xml:48:9-52:63
64            android:name="com.attendwisepro.ReportsActivity"
64-->src\main\AndroidManifest.xml:49:13-44
65            android:exported="false"
65-->src\main\AndroidManifest.xml:50:13-37
66            android:label="@string/reports"
66-->src\main\AndroidManifest.xml:51:13-44
67            android:parentActivityName="com.attendwisepro.DashboardActivity" />
67-->src\main\AndroidManifest.xml:52:13-60
68        <activity
68-->src\main\AndroidManifest.xml:53:9-56:75
69            android:name="com.attendwisepro.QRScannerActivity"
69-->src\main\AndroidManifest.xml:54:13-46
70            android:exported="false"
70-->src\main\AndroidManifest.xml:55:13-37
71            android:theme="@style/Theme.MaterialComponents.NoActionBar" />
71-->src\main\AndroidManifest.xml:56:13-72
72        <activity
72-->src\main\AndroidManifest.xml:57:9-60:48
73            android:name="com.attendwisepro.LearnersActivity"
73-->src\main\AndroidManifest.xml:58:13-45
74            android:exported="false"
74-->src\main\AndroidManifest.xml:59:13-37
75            android:label="@string/learners" />
75-->src\main\AndroidManifest.xml:60:13-45
76        <activity
76-->src\main\AndroidManifest.xml:61:9-64:58
77            android:name="com.attendwisepro.LearnerAttendanceActivity"
77-->src\main\AndroidManifest.xml:62:13-54
78            android:exported="false"
78-->src\main\AndroidManifest.xml:63:13-37
79            android:label="@string/attendance_history" />
79-->src\main\AndroidManifest.xml:64:13-55
80        <activity
80-->src\main\AndroidManifest.xml:66:9-68:40
81            android:name="com.attendwisepro.MainActivity"
81-->src\main\AndroidManifest.xml:67:13-41
82            android:exported="false" />
82-->src\main\AndroidManifest.xml:68:13-37
83        <activity
83-->src\main\AndroidManifest.xml:70:9-73:49
84            android:name="com.attendwisepro.EmployeesActivity"
84-->src\main\AndroidManifest.xml:71:13-46
85            android:exported="false"
85-->src\main\AndroidManifest.xml:72:13-37
86            android:label="@string/employees" />
86-->src\main\AndroidManifest.xml:73:13-46
87        <activity
87-->src\main\AndroidManifest.xml:75:9-78:49
88            android:name="com.attendwisepro.IncidentsActivity"
88-->src\main\AndroidManifest.xml:76:13-46
89            android:exported="false"
89-->src\main\AndroidManifest.xml:77:13-37
90            android:label="@string/incidents" />
90-->src\main\AndroidManifest.xml:78:13-46
91        <activity
91-->src\main\AndroidManifest.xml:80:9-83:48
92            android:name="com.attendwisepro.VisitorsActivity"
92-->src\main\AndroidManifest.xml:81:13-45
93            android:exported="false"
93-->src\main\AndroidManifest.xml:82:13-37
94            android:label="@string/visitors" />
94-->src\main\AndroidManifest.xml:83:13-45
95        <activity
95-->src\main\AndroidManifest.xml:85:9-88:47
96            android:name="com.attendwisepro.ProfileActivity"
96-->src\main\AndroidManifest.xml:86:13-44
97            android:exported="false"
97-->src\main\AndroidManifest.xml:87:13-37
98            android:label="@string/profile" />
98-->src\main\AndroidManifest.xml:88:13-44
99        <activity
99-->src\main\AndroidManifest.xml:90:9-94:63
100            android:name="com.attendwisepro.SettingsActivity"
100-->src\main\AndroidManifest.xml:91:13-45
101            android:exported="false"
101-->src\main\AndroidManifest.xml:92:13-37
102            android:label="@string/settings"
102-->src\main\AndroidManifest.xml:93:13-45
103            android:parentActivityName="com.attendwisepro.DashboardActivity" />
103-->src\main\AndroidManifest.xml:94:13-60
104        <activity
104-->src\main\AndroidManifest.xml:96:9-100:63
105            android:name="com.attendwisepro.AddEmployeeActivity"
105-->src\main\AndroidManifest.xml:97:13-48
106            android:exported="false"
106-->src\main\AndroidManifest.xml:98:13-37
107            android:label="@string/add_employee"
107-->src\main\AndroidManifest.xml:99:13-49
108            android:parentActivityName="com.attendwisepro.EmployeesActivity" />
108-->src\main\AndroidManifest.xml:100:13-60
109        <activity
109-->src\main\AndroidManifest.xml:102:9-106:63
110            android:name="com.attendwisepro.AddIncidentActivity"
110-->src\main\AndroidManifest.xml:103:13-48
111            android:exported="false"
111-->src\main\AndroidManifest.xml:104:13-37
112            android:label="@string/add_incident"
112-->src\main\AndroidManifest.xml:105:13-49
113            android:parentActivityName="com.attendwisepro.IncidentsActivity" />
113-->src\main\AndroidManifest.xml:106:13-60
114        <activity
114-->src\main\AndroidManifest.xml:108:9-111:81
115            android:name="com.attendwisepro.AddVisitorActivity"
115-->src\main\AndroidManifest.xml:109:13-47
116            android:exported="false"
116-->src\main\AndroidManifest.xml:110:13-37
117            android:theme="@style/Theme.MaterialComponents.Light.NoActionBar" />
117-->src\main\AndroidManifest.xml:111:13-78
118
119        <service
119-->[androidx.camera:camera-camera2:1.2.3] AndroidManifest.xml:24:9-33:19
120            android:name="androidx.camera.core.impl.MetadataHolderService"
120-->[androidx.camera:camera-camera2:1.2.3] AndroidManifest.xml:25:13-75
121            android:enabled="false"
121-->[androidx.camera:camera-camera2:1.2.3] AndroidManifest.xml:26:13-36
122            android:exported="false" >
122-->[androidx.camera:camera-camera2:1.2.3] AndroidManifest.xml:27:13-37
123            <meta-data
123-->[androidx.camera:camera-camera2:1.2.3] AndroidManifest.xml:30:13-32:89
124                android:name="androidx.camera.core.impl.MetadataHolderService.DEFAULT_CONFIG_PROVIDER"
124-->[androidx.camera:camera-camera2:1.2.3] AndroidManifest.xml:31:17-103
125                android:value="androidx.camera.camera2.Camera2Config$DefaultProvider" />
125-->[androidx.camera:camera-camera2:1.2.3] AndroidManifest.xml:32:17-86
126        </service>
127        <service
127-->[com.google.android.gms:play-services-mlkit-barcode-scanning:18.2.0] AndroidManifest.xml:9:9-15:19
128            android:name="com.google.mlkit.common.internal.MlKitComponentDiscoveryService"
128-->[com.google.android.gms:play-services-mlkit-barcode-scanning:18.2.0] AndroidManifest.xml:10:13-91
129            android:directBootAware="true"
129-->[com.google.mlkit:common:18.7.0] AndroidManifest.xml:17:13-43
130            android:exported="false" >
130-->[com.google.android.gms:play-services-mlkit-barcode-scanning:18.2.0] AndroidManifest.xml:11:13-37
131            <meta-data
131-->[com.google.android.gms:play-services-mlkit-barcode-scanning:18.2.0] AndroidManifest.xml:12:13-14:85
132                android:name="com.google.firebase.components:com.google.mlkit.vision.barcode.internal.BarcodeRegistrar"
132-->[com.google.android.gms:play-services-mlkit-barcode-scanning:18.2.0] AndroidManifest.xml:13:17-120
133                android:value="com.google.firebase.components.ComponentRegistrar" />
133-->[com.google.android.gms:play-services-mlkit-barcode-scanning:18.2.0] AndroidManifest.xml:14:17-82
134            <meta-data
134-->[com.google.mlkit:vision-common:17.3.0] AndroidManifest.xml:12:13-14:85
135                android:name="com.google.firebase.components:com.google.mlkit.vision.common.internal.VisionCommonRegistrar"
135-->[com.google.mlkit:vision-common:17.3.0] AndroidManifest.xml:13:17-124
136                android:value="com.google.firebase.components.ComponentRegistrar" />
136-->[com.google.mlkit:vision-common:17.3.0] AndroidManifest.xml:14:17-82
137            <meta-data
137-->[com.google.mlkit:common:18.7.0] AndroidManifest.xml:20:13-22:85
138                android:name="com.google.firebase.components:com.google.mlkit.common.internal.CommonComponentRegistrar"
138-->[com.google.mlkit:common:18.7.0] AndroidManifest.xml:21:17-120
139                android:value="com.google.firebase.components.ComponentRegistrar" />
139-->[com.google.mlkit:common:18.7.0] AndroidManifest.xml:22:17-82
140        </service>
141
142        <provider
142-->[com.google.mlkit:common:18.7.0] AndroidManifest.xml:9:9-13:38
143            android:name="com.google.mlkit.common.internal.MlKitInitProvider"
143-->[com.google.mlkit:common:18.7.0] AndroidManifest.xml:10:13-78
144            android:authorities="com.attendwisepro.mlkitinitprovider"
144-->[com.google.mlkit:common:18.7.0] AndroidManifest.xml:11:13-69
145            android:exported="false"
145-->[com.google.mlkit:common:18.7.0] AndroidManifest.xml:12:13-37
146            android:initOrder="99" />
146-->[com.google.mlkit:common:18.7.0] AndroidManifest.xml:13:13-35
147
148        <activity
148-->[com.google.android.gms:play-services-base:18.1.0] AndroidManifest.xml:20:9-22:45
149            android:name="com.google.android.gms.common.api.GoogleApiActivity"
149-->[com.google.android.gms:play-services-base:18.1.0] AndroidManifest.xml:20:19-85
150            android:exported="false"
150-->[com.google.android.gms:play-services-base:18.1.0] AndroidManifest.xml:22:19-43
151            android:theme="@android:style/Theme.Translucent.NoTitleBar" />
151-->[com.google.android.gms:play-services-base:18.1.0] AndroidManifest.xml:21:19-78
152
153        <meta-data
153-->[com.google.android.gms:play-services-basement:18.1.0] AndroidManifest.xml:21:9-23:69
154            android:name="com.google.android.gms.version"
154-->[com.google.android.gms:play-services-basement:18.1.0] AndroidManifest.xml:22:13-58
155            android:value="@integer/google_play_services_version" />
155-->[com.google.android.gms:play-services-basement:18.1.0] AndroidManifest.xml:23:13-66
156
157        <provider
157-->[androidx.emoji2:emoji2:1.2.0] AndroidManifest.xml:24:9-32:20
158            android:name="androidx.startup.InitializationProvider"
158-->[androidx.emoji2:emoji2:1.2.0] AndroidManifest.xml:25:13-67
159            android:authorities="com.attendwisepro.androidx-startup"
159-->[androidx.emoji2:emoji2:1.2.0] AndroidManifest.xml:26:13-68
160            android:exported="false" >
160-->[androidx.emoji2:emoji2:1.2.0] AndroidManifest.xml:27:13-37
161            <meta-data
161-->[androidx.emoji2:emoji2:1.2.0] AndroidManifest.xml:29:13-31:52
162                android:name="androidx.emoji2.text.EmojiCompatInitializer"
162-->[androidx.emoji2:emoji2:1.2.0] AndroidManifest.xml:30:17-75
163                android:value="androidx.startup" />
163-->[androidx.emoji2:emoji2:1.2.0] AndroidManifest.xml:31:17-49
164            <meta-data
164-->[androidx.lifecycle:lifecycle-process:2.4.1] AndroidManifest.xml:31:13-33:52
165                android:name="androidx.lifecycle.ProcessLifecycleInitializer"
165-->[androidx.lifecycle:lifecycle-process:2.4.1] AndroidManifest.xml:32:17-78
166                android:value="androidx.startup" />
166-->[androidx.lifecycle:lifecycle-process:2.4.1] AndroidManifest.xml:33:17-49
167        </provider>
168
169        <uses-library
169-->[androidx.window:window:1.0.0] AndroidManifest.xml:25:9-27:40
170            android:name="androidx.window.extensions"
170-->[androidx.window:window:1.0.0] AndroidManifest.xml:26:13-54
171            android:required="false" />
171-->[androidx.window:window:1.0.0] AndroidManifest.xml:27:13-37
172        <uses-library
172-->[androidx.window:window:1.0.0] AndroidManifest.xml:28:9-30:40
173            android:name="androidx.window.sidecar"
173-->[androidx.window:window:1.0.0] AndroidManifest.xml:29:13-51
174            android:required="false" />
174-->[androidx.window:window:1.0.0] AndroidManifest.xml:30:13-37
175
176        <service
176-->[com.google.android.datatransport:transport-backend-cct:2.3.3] AndroidManifest.xml:29:9-35:19
177            android:name="com.google.android.datatransport.runtime.backends.TransportBackendDiscovery"
177-->[com.google.android.datatransport:transport-backend-cct:2.3.3] AndroidManifest.xml:30:13-103
178            android:exported="false" >
178-->[com.google.android.datatransport:transport-backend-cct:2.3.3] AndroidManifest.xml:31:13-37
179            <meta-data
179-->[com.google.android.datatransport:transport-backend-cct:2.3.3] AndroidManifest.xml:32:13-34:39
180                android:name="backend:com.google.android.datatransport.cct.CctBackendFactory"
180-->[com.google.android.datatransport:transport-backend-cct:2.3.3] AndroidManifest.xml:33:17-94
181                android:value="cct" />
181-->[com.google.android.datatransport:transport-backend-cct:2.3.3] AndroidManifest.xml:34:17-36
182        </service>
183        <service
183-->[com.google.android.datatransport:transport-runtime:2.2.6] AndroidManifest.xml:26:9-30:19
184            android:name="com.google.android.datatransport.runtime.scheduling.jobscheduling.JobInfoSchedulerService"
184-->[com.google.android.datatransport:transport-runtime:2.2.6] AndroidManifest.xml:27:13-117
185            android:exported="false"
185-->[com.google.android.datatransport:transport-runtime:2.2.6] AndroidManifest.xml:28:13-37
186            android:permission="android.permission.BIND_JOB_SERVICE" >
186-->[com.google.android.datatransport:transport-runtime:2.2.6] AndroidManifest.xml:29:13-69
187        </service>
188
189        <receiver
189-->[com.google.android.datatransport:transport-runtime:2.2.6] AndroidManifest.xml:32:9-34:40
190            android:name="com.google.android.datatransport.runtime.scheduling.jobscheduling.AlarmManagerSchedulerBroadcastReceiver"
190-->[com.google.android.datatransport:transport-runtime:2.2.6] AndroidManifest.xml:33:13-132
191            android:exported="false" />
191-->[com.google.android.datatransport:transport-runtime:2.2.6] AndroidManifest.xml:34:13-37
192    </application>
193
194</manifest>